0 info it worked if it ends with ok
1 verbose cli [ 'node', '/usr/local/bin/npm', 'install', '-g', 'coffee-script' ]
2 info using npm@2.0.0
3 info using node@v0.11.13
4 verbose cache add [ 'coffee-script', null ]
5 verbose cache add spec="coffee-script" args=["coffee-script",null]
6 verbose parsed spec { raw: 'coffee-script',
6 verbose parsed spec   scope: null,
6 verbose parsed spec   name: 'coffee-script',
6 verbose parsed spec   rawSpec: '',
6 verbose parsed spec   spec: '*',
6 verbose parsed spec   type: 'range' }
7 verbose parsed spec { raw: 'coffee-script',
7 verbose parsed spec   scope: null,
7 verbose parsed spec   name: 'coffee-script',
7 verbose parsed spec   rawSpec: '',
7 verbose parsed spec   spec: '*',
7 verbose parsed spec   type: 'range' }
8 verbose addNamed [ 'coffee-script', '*' ]
9 verbose addNamed [ null, '*' ]
10 silly lockFile 7281919f-coffee-script coffee-script@*
11 verbose lock coffee-script@* /Users/admin/.npm/7281919f-coffee-script.lock
12 silly addNameRange { name: 'coffee-script', range: '*', hasData: false }
13 verbose mapToRegistry name coffee-script
14 verbose mapToRegistry uri https://registry.npmjs.org/coffee-script
15 silly addNameRange number 2 { name: 'coffee-script', range: '*', hasData: true }
16 silly addNameRange versions [ 'coffee-script',
16 silly addNameRange   [ '0.7.0',
16 silly addNameRange     '0.7.1',
16 silly addNameRange     '0.7.2',
16 silly addNameRange     '0.9.0',
16 silly addNameRange     '0.9.1',
16 silly addNameRange     '0.9.2',
16 silly addNameRange     '0.9.3',
16 silly addNameRange     '0.9.4',
16 silly addNameRange     '0.9.5',
16 silly addNameRange     '0.9.6',
16 silly addNameRange     '1.0.0',
16 silly addNameRange     '1.0.1',
16 silly addNameRange     '1.1.0',
16 silly addNameRange     '1.1.1',
16 silly addNameRange     '1.1.2',
16 silly addNameRange     '1.1.3',
16 silly addNameRange     '1.2.0',
16 silly addNameRange     '1.3.0',
16 silly addNameRange     '1.3.1',
16 silly addNameRange     '1.3.2',
16 silly addNameRange     '1.3.3',
16 silly addNameRange     '1.4.0',
16 silly addNameRange     '1.5.0',
16 silly addNameRange     '1.6.0',
16 silly addNameRange     '1.6.1',
16 silly addNameRange     '1.6.2',
16 silly addNameRange     '1.6.3',
16 silly addNameRange     '1.7.0',
16 silly addNameRange     '1.7.1',
16 silly addNameRange     '1.8.0' ] ]
17 verbose addNamed [ 'coffee-script', '1.8.0' ]
18 verbose addNamed [ '1.8.0', '1.8.0' ]
19 silly lockFile d0d79082-coffee-script-1-8-0 coffee-script@1.8.0
20 verbose lock coffee-script@1.8.0 /Users/admin/.npm/d0d79082-coffee-script-1-8-0.lock
21 silly lockFile d0d79082-coffee-script-1-8-0 coffee-script@1.8.0
22 silly lockFile d0d79082-coffee-script-1-8-0 coffee-script@1.8.0
23 silly lockFile 7281919f-coffee-script coffee-script@*
24 silly lockFile 7281919f-coffee-script coffee-script@*
25 silly resolved [ { name: 'coffee-script',
25 silly resolved     description: 'Unfancy JavaScript',
25 silly resolved     keywords: [ 'javascript', 'language', 'coffeescript', 'compiler' ],
25 silly resolved     author: { name: 'Jeremy Ashkenas' },
25 silly resolved     version: '1.8.0',
25 silly resolved     license: 'MIT',
25 silly resolved     engines: { node: '>=0.8.0' },
25 silly resolved     directories: { lib: './lib/coffee-script' },
25 silly resolved     main: './lib/coffee-script/coffee-script',
25 silly resolved     bin: { coffee: './bin/coffee', cake: './bin/cake' },
25 silly resolved     preferGlobal: true,
25 silly resolved     scripts:
25 silly resolved      { test: 'node ./bin/cake test',
25 silly resolved        'test-harmony': 'node --harmony ./bin/cake test' },
25 silly resolved     homepage: 'http://coffeescript.org',
25 silly resolved     bugs: { url: 'https://github.com/jashkenas/coffeescript/issues' },
25 silly resolved     repository:
25 silly resolved      { type: 'git',
25 silly resolved        url: 'git://github.com/jashkenas/coffeescript.git' },
25 silly resolved     devDependencies:
25 silly resolved      { 'uglify-js': '~2.2',
25 silly resolved        jison: '>=0.2.0',
25 silly resolved        'highlight.js': '~8.0.0',
25 silly resolved        underscore: '~1.5.2',
25 silly resolved        docco: '~0.6.2' },
25 silly resolved     dependencies: { mkdirp: '~0.3.5' },
25 silly resolved     readme: '            {\n         }   }   {\n        {   {  }  }\n         }   }{  {\n        {  }{  }  }                    _____       __  __\n       { }{ }{  { }                   / ____|     / _|/ _|\n     .- { { }  { }} -.               | |     ___ | |_| |_ ___  ___\n    (  { } { } { } }  )              | |    / _ \\|  _|  _/ _ \\/ _ \\\n    |`-..________ ..-\'|              | |___| (_) | | | ||  __/  __/\n    |                 |               \\_____\\___/|_| |_| \\___|\\___|\n    |                 ;--.\n    |                (__  \\            _____           _       _\n    |                 | )  )          / ____|         (_)     | |\n    |                 |/  /          | (___   ___ _ __ _ _ __ | |_\n    |                 (  /            \\___ \\ / __| \'__| | \'_ \\| __|\n    |                 |/              ____) | (__| |  | | |_) | |_\n    |                 |              |_____/ \\___|_|  |_| .__/ \\__|\n     `-.._________..-\'                                  | |\n                                                        |_|\n\nCoffeeScript is a little language that compiles into JavaScript.\n\n## Installation\n\nIf you have the node package manager, npm, installed:\n\n```shell\nnpm install -g coffee-script\n```\n\nLeave off the `-g` if you don\'t wish to install globally. If you don\'t wish to use npm:\n\n```shell\ngit clone https://github.com/jashkenas/coffeescript.git\nsudo coffeescript/bin/cake install\n```\n\n## Getting Started\n\nExecute a script:\n\n```shell\ncoffee /path/to/script.coffee\n```\n\nCompile a script:\n\n```shell\ncoffee -c /path/to/script.coffee\n```\n\nFor documentation, usage, and examples, see: http://coffeescript.org/\n\nTo suggest a feature or report a bug: http://github.com/jashkenas/coffeescript/issues\n\nIf you\'d like to chat, drop by #coffeescript on Freenode IRC.\n\nThe source repository: https://github.com/jashkenas/coffeescript.git\n\nOur lovely and talented contributors are listed here: http://github.com/jashkenas/coffeescript/contributors\n',
25 silly resolved     readmeFilename: 'README.md',
25 silly resolved     _id: 'coffee-script@1.8.0',
25 silly resolved     _shasum: '5aa28be3192b5056afa51f49a29ab631e628c4f5',
25 silly resolved     _resolved: 'git://github.com/alubbe/coffee-script.git#efca2861a65ec29ddf7304d6cb1175d1ec165d63',
25 silly resolved     _from: 'coffee-script@*' } ]
26 info install coffee-script@1.8.0 into /usr/local/lib
27 info installOne coffee-script@1.8.0
28 verbose lib/node_modules/coffee-script unbuild
29 info preuninstall coffee-script@1.8.0
30 info uninstall coffee-script@1.8.0
31 verbose true,/usr/local/lib/node_modules,/usr/local/lib/node_modules unbuild coffee-script@1.8.0
32 verbose /usr/local/bin,[object Object] binRoot
33 verbose gentlyRm verifying that /usr/local/lib/node_modules/coffee-script is managed by npm
34 verbose gentlyRm verifying that /usr/local/lib/node_modules/coffee-script is managed by npm
35 silly cacheAndTest /usr/local/lib/node_modules/coffee-script is inside /usr/local/lib/node_modules
36 silly gentlyRm /usr/local/lib/node_modules/coffee-script is managed by npm
37 silly gentlyRm /usr/local/bin/coffee is not under /usr/local/lib/node_modules/coffee-script
38 silly gentlyRm checking to see if /usr/local/bin/coffee is a link
39 silly cacheAndTest /usr/local/lib/node_modules/coffee-script is inside /usr/local/lib/node_modules
40 silly gentlyRm /usr/local/lib/node_modules/coffee-script is managed by npm
41 silly gentlyRm /usr/local/bin/cake is not under /usr/local/lib/node_modules/coffee-script
42 silly gentlyRm checking to see if /usr/local/bin/cake is a link
43 silly gentlyRm /usr/local/bin/coffee is a link
44 silly gentlyRm /usr/local/bin/cake is a link
45 silly gentlyRm /usr/local/lib/node_modules/coffee-script/bin/coffee inside /usr/local/lib/node_modules/coffee-script
46 verbose gentlyRm vacuuming /usr/local/bin/coffee
47 silly gentlyRm /usr/local/lib/node_modules/coffee-script/bin/cake inside /usr/local/lib/node_modules/coffee-script
48 verbose gentlyRm vacuuming /usr/local/bin/cake
49 silly gentlyRm removing /usr/local/bin/coffee
50 silly gentlyRm removing /usr/local/bin/cake
51 silly gentlyRm quitting because other entries in /usr/local/bin
52 silly gentlyRm quitting because other entries in /usr/local/bin
53 info postuninstall coffee-script@1.8.0
54 verbose gentlyRm vacuuming /usr/local/lib/node_modules/coffee-script
55 silly gentlyRm purging /usr/local/lib/node_modules/coffee-script
56 silly gentlyRm quitting because other entries in /usr/local/lib/node_modules
57 verbose tar unpack /Users/admin/.npm/coffee-script/1.8.0/package.tgz
58 silly lockFile 865d9b08-l-lib-node-modules-coffee-script tar:///usr/local/lib/node_modules/coffee-script
59 verbose lock tar:///usr/local/lib/node_modules/coffee-script /Users/admin/.npm/865d9b08-l-lib-node-modules-coffee-script.lock
60 silly lockFile 227f08a7--coffee-script-1-8-0-package-tgz tar:///Users/admin/.npm/coffee-script/1.8.0/package.tgz
61 verbose lock tar:///Users/admin/.npm/coffee-script/1.8.0/package.tgz /Users/admin/.npm/227f08a7--coffee-script-1-8-0-package-tgz.lock
62 verbose gentlyRm vacuuming /usr/local/lib/node_modules/coffee-script
63 silly gunzTarPerm modes [ '755', '644' ]
64 silly gunzTarPerm extractEntry
65 silly gunzTarPerm modified mode [ '', 509, 493 ]
66 silly gunzTarPerm extractEntry .gitignore
67 silly gunzTarPerm modified mode [ '.gitignore', 436, 420 ]
68 silly gunzTarPerm extractEntry .npmignore
69 silly gunzTarPerm modified mode [ '.npmignore', 436, 420 ]
70 silly gunzTarPerm extractEntry CNAME
71 silly gunzTarPerm modified mode [ 'CNAME', 436, 420 ]
72 silly gunzTarPerm extractEntry CONTRIBUTING.md
73 silly gunzTarPerm modified mode [ 'CONTRIBUTING.md', 436, 420 ]
74 silly gunzTarPerm extractEntry Cakefile
75 silly gunzTarPerm modified mode [ 'Cakefile', 436, 420 ]
76 silly gunzTarPerm extractEntry LICENSE
77 silly gunzTarPerm modified mode [ 'LICENSE', 436, 420 ]
78 silly gunzTarPerm extractEntry README
79 silly gunzTarPerm modified mode [ 'README', 436, 420 ]
80 silly gunzTarPerm extractEntry README.md
81 silly gunzTarPerm modified mode [ 'README.md', 436, 420 ]
82 silly gunzTarPerm extractEntry bin/
83 silly gunzTarPerm modified mode [ 'bin/', 509, 493 ]
84 silly gunzTarPerm extractEntry bin/cake
85 silly gunzTarPerm modified mode [ 'bin/cake', 509, 493 ]
86 silly gunzTarPerm extractEntry bin/coffee
87 silly gunzTarPerm modified mode [ 'bin/coffee', 509, 493 ]
88 silly gunzTarPerm extractEntry documentation/
89 silly gunzTarPerm modified mode [ 'documentation/', 509, 493 ]
90 silly gunzTarPerm extractEntry documentation/coffee/
91 silly gunzTarPerm modified mode [ 'documentation/coffee/', 509, 493 ]
92 silly gunzTarPerm extractEntry documentation/coffee/aliases.coffee
93 silly gunzTarPerm modified mode [ 'documentation/coffee/aliases.coffee', 436, 420 ]
94 silly gunzTarPerm extractEntry documentation/coffee/array_comprehensions.coffee
95 silly gunzTarPerm modified mode [ 'documentation/coffee/array_comprehensions.coffee', 436, 420 ]
96 silly gunzTarPerm extractEntry documentation/coffee/block_comment.coffee
97 silly gunzTarPerm modified mode [ 'documentation/coffee/block_comment.coffee', 436, 420 ]
98 silly gunzTarPerm extractEntry documentation/coffee/cake_tasks.coffee
99 silly gunzTarPerm modified mode [ 'documentation/coffee/cake_tasks.coffee', 436, 420 ]
100 silly gunzTarPerm extractEntry documentation/coffee/chaining.coffee
101 silly gunzTarPerm modified mode [ 'documentation/coffee/chaining.coffee', 436, 420 ]
102 silly gunzTarPerm extractEntry documentation/coffee/classes.coffee
103 silly gunzTarPerm modified mode [ 'documentation/coffee/classes.coffee', 436, 420 ]
104 silly gunzTarPerm extractEntry documentation/coffee/comparisons.coffee
105 silly gunzTarPerm modified mode [ 'documentation/coffee/comparisons.coffee', 436, 420 ]
106 silly gunzTarPerm extractEntry documentation/coffee/conditionals.coffee
107 silly gunzTarPerm modified mode [ 'documentation/coffee/conditionals.coffee', 436, 420 ]
108 silly gunzTarPerm extractEntry documentation/coffee/constructor_destructuring.coffee
109 silly gunzTarPerm modified mode [ 'documentation/coffee/constructor_destructuring.coffee',
109 silly gunzTarPerm   436,
109 silly gunzTarPerm   420 ]
110 silly gunzTarPerm extractEntry documentation/coffee/default_args.coffee
111 silly gunzTarPerm modified mode [ 'documentation/coffee/default_args.coffee', 436, 420 ]
112 silly gunzTarPerm extractEntry documentation/coffee/do.coffee
113 silly gunzTarPerm modified mode [ 'documentation/coffee/do.coffee', 436, 420 ]
114 silly gunzTarPerm extractEntry documentation/coffee/embedded.coffee
115 silly gunzTarPerm modified mode [ 'documentation/coffee/embedded.coffee', 436, 420 ]
116 silly gunzTarPerm extractEntry documentation/coffee/existence.coffee
117 silly gunzTarPerm modified mode [ 'documentation/coffee/existence.coffee', 436, 420 ]
118 silly gunzTarPerm extractEntry documentation/coffee/expansion.coffee
119 silly gunzTarPerm modified mode [ 'documentation/coffee/expansion.coffee', 436, 420 ]
120 silly gunzTarPerm extractEntry documentation/coffee/expressions.coffee
121 silly gunzTarPerm modified mode [ 'documentation/coffee/expressions.coffee', 436, 420 ]
122 silly gunzTarPerm extractEntry documentation/coffee/expressions_assignment.coffee
123 silly gunzTarPerm modified mode [ 'documentation/coffee/expressions_assignment.coffee',
123 silly gunzTarPerm   436,
123 silly gunzTarPerm   420 ]
124 silly gunzTarPerm extractEntry documentation/coffee/expressions_comprehension.coffee
125 silly gunzTarPerm modified mode [ 'documentation/coffee/expressions_comprehension.coffee',
125 silly gunzTarPerm   436,
125 silly gunzTarPerm   420 ]
126 silly gunzTarPerm extractEntry documentation/coffee/expressions_try.coffee
127 silly gunzTarPerm modified mode [ 'documentation/coffee/expressions_try.coffee', 436, 420 ]
128 silly gunzTarPerm extractEntry documentation/coffee/fat_arrow.coffee
129 silly gunzTarPerm modified mode [ 'documentation/coffee/fat_arrow.coffee', 436, 420 ]
130 silly gunzTarPerm extractEntry documentation/coffee/functions.coffee
131 silly gunzTarPerm modified mode [ 'documentation/coffee/functions.coffee', 436, 420 ]
132 silly gunzTarPerm extractEntry documentation/coffee/heredocs.coffee
133 silly gunzTarPerm modified mode [ 'documentation/coffee/heredocs.coffee', 436, 420 ]
134 silly gunzTarPerm extractEntry documentation/coffee/heregexes.coffee
135 silly gunzTarPerm modified mode [ 'documentation/coffee/heregexes.coffee', 436, 420 ]
136 silly gunzTarPerm extractEntry documentation/coffee/interpolation.coffee
137 silly gunzTarPerm modified mode [ 'documentation/coffee/interpolation.coffee', 436, 420 ]
138 silly gunzTarPerm extractEntry documentation/coffee/multiple_return_values.coffee
139 silly gunzTarPerm modified mode [ 'documentation/coffee/multiple_return_values.coffee',
139 silly gunzTarPerm   436,
139 silly gunzTarPerm   420 ]
140 silly gunzTarPerm extractEntry documentation/coffee/object_comprehensions.coffee
141 silly gunzTarPerm modified mode [ 'documentation/coffee/object_comprehensions.coffee', 436, 420 ]
142 silly gunzTarPerm extractEntry documentation/coffee/object_extraction.coffee
143 silly gunzTarPerm modified mode [ 'documentation/coffee/object_extraction.coffee', 436, 420 ]
144 silly gunzTarPerm extractEntry documentation/coffee/objects_and_arrays.coffee
145 silly gunzTarPerm modified mode [ 'documentation/coffee/objects_and_arrays.coffee', 436, 420 ]
146 silly gunzTarPerm extractEntry documentation/coffee/objects_reserved.coffee
147 silly gunzTarPerm modified mode [ 'documentation/coffee/objects_reserved.coffee', 436, 420 ]
148 silly gunzTarPerm extractEntry documentation/coffee/overview.coffee
149 silly gunzTarPerm modified mode [ 'documentation/coffee/overview.coffee', 436, 420 ]
150 silly gunzTarPerm extractEntry documentation/coffee/parallel_assignment.coffee
151 silly gunzTarPerm modified mode [ 'documentation/coffee/parallel_assignment.coffee', 436, 420 ]
152 silly gunzTarPerm extractEntry documentation/coffee/patterns_and_splats.coffee
153 silly gunzTarPerm modified mode [ 'documentation/coffee/patterns_and_splats.coffee', 436, 420 ]
154 silly gunzTarPerm extractEntry documentation/coffee/prototypes.coffee
155 silly gunzTarPerm modified mode [ 'documentation/coffee/prototypes.coffee', 436, 420 ]
156 silly gunzTarPerm extractEntry documentation/coffee/range_comprehensions.coffee
157 silly gunzTarPerm modified mode [ 'documentation/coffee/range_comprehensions.coffee', 436, 420 ]
158 silly gunzTarPerm extractEntry documentation/coffee/scope.coffee
159 silly gunzTarPerm modified mode [ 'documentation/coffee/scope.coffee', 436, 420 ]
160 silly gunzTarPerm extractEntry documentation/coffee/slices.coffee
161 silly gunzTarPerm modified mode [ 'documentation/coffee/slices.coffee', 436, 420 ]
162 silly gunzTarPerm extractEntry documentation/coffee/soaks.coffee
163 silly gunzTarPerm modified mode [ 'documentation/coffee/soaks.coffee', 436, 420 ]
164 silly gunzTarPerm extractEntry documentation/coffee/splats.coffee
165 silly gunzTarPerm modified mode [ 'documentation/coffee/splats.coffee', 436, 420 ]
166 silly gunzTarPerm extractEntry documentation/coffee/splices.coffee
167 silly gunzTarPerm modified mode [ 'documentation/coffee/splices.coffee', 436, 420 ]
168 silly gunzTarPerm extractEntry documentation/coffee/strings.coffee
169 silly gunzTarPerm modified mode [ 'documentation/coffee/strings.coffee', 436, 420 ]
170 silly gunzTarPerm extractEntry documentation/coffee/switch.coffee
171 silly gunzTarPerm modified mode [ 'documentation/coffee/switch.coffee', 436, 420 ]
172 silly gunzTarPerm extractEntry documentation/coffee/switch_with_no_expression.coffee
173 silly gunzTarPerm modified mode [ 'documentation/coffee/switch_with_no_expression.coffee',
173 silly gunzTarPerm   436,
173 silly gunzTarPerm   420 ]
174 silly gunzTarPerm extractEntry documentation/coffee/try.coffee
175 silly gunzTarPerm modified mode [ 'documentation/coffee/try.coffee', 436, 420 ]
176 silly gunzTarPerm extractEntry documentation/coffee/while.coffee
177 silly gunzTarPerm modified mode [ 'documentation/coffee/while.coffee', 436, 420 ]
178 silly gunzTarPerm extractEntry documentation/css/
179 silly gunzTarPerm modified mode [ 'documentation/css/', 509, 493 ]
180 silly gunzTarPerm extractEntry documentation/css/docs.css
181 silly gunzTarPerm modified mode [ 'documentation/css/docs.css', 436, 420 ]
182 silly gunzTarPerm extractEntry documentation/css/tomorrow.css
183 silly gunzTarPerm modified mode [ 'documentation/css/tomorrow.css', 436, 420 ]
184 silly gunzTarPerm extractEntry documentation/docs/
185 silly gunzTarPerm modified mode [ 'documentation/docs/', 509, 493 ]
186 silly gunzTarPerm extractEntry documentation/docs/browser.html
187 silly gunzTarPerm modified mode [ 'documentation/docs/browser.html', 436, 420 ]
188 silly gunzTarPerm extractEntry documentation/docs/cake.html
189 silly gunzTarPerm modified mode [ 'documentation/docs/cake.html', 436, 420 ]
190 silly gunzTarPerm extractEntry documentation/docs/coffee-script.html
191 silly gunzTarPerm modified mode [ 'documentation/docs/coffee-script.html', 436, 420 ]
192 silly gunzTarPerm extractEntry documentation/docs/command.html
193 silly gunzTarPerm modified mode [ 'documentation/docs/command.html', 436, 420 ]
194 silly gunzTarPerm extractEntry documentation/docs/docco.css
195 silly gunzTarPerm modified mode [ 'documentation/docs/docco.css', 436, 420 ]
196 silly gunzTarPerm extractEntry documentation/docs/grammar.html
197 silly gunzTarPerm modified mode [ 'documentation/docs/grammar.html', 436, 420 ]
198 silly gunzTarPerm extractEntry documentation/docs/helpers.html
199 silly gunzTarPerm modified mode [ 'documentation/docs/helpers.html', 436, 420 ]
200 silly gunzTarPerm extractEntry documentation/docs/index.html
201 silly gunzTarPerm modified mode [ 'documentation/docs/index.html', 436, 420 ]
202 silly gunzTarPerm extractEntry documentation/docs/lexer.html
203 silly gunzTarPerm modified mode [ 'documentation/docs/lexer.html', 436, 420 ]
204 silly gunzTarPerm extractEntry documentation/docs/nodes.html
205 silly gunzTarPerm modified mode [ 'documentation/docs/nodes.html', 436, 420 ]
206 silly gunzTarPerm extractEntry documentation/docs/optparse.html
207 silly gunzTarPerm modified mode [ 'documentation/docs/optparse.html', 436, 420 ]
208 silly gunzTarPerm extractEntry documentation/docs/public/
209 silly gunzTarPerm modified mode [ 'documentation/docs/public/', 509, 493 ]
210 silly gunzTarPerm extractEntry documentation/docs/public/fonts/
211 silly gunzTarPerm modified mode [ 'documentation/docs/public/fonts/', 509, 493 ]
212 silly gunzTarPerm extractEntry documentation/docs/public/fonts/aller-bold.eot
213 silly gunzTarPerm modified mode [ 'documentation/docs/public/fonts/aller-bold.eot', 509, 493 ]
214 silly gunzTarPerm extractEntry documentation/docs/public/fonts/aller-bold.ttf
215 silly gunzTarPerm modified mode [ 'documentation/docs/public/fonts/aller-bold.ttf', 509, 493 ]
216 silly gunzTarPerm extractEntry documentation/docs/public/fonts/aller-bold.woff
217 silly gunzTarPerm modified mode [ 'documentation/docs/public/fonts/aller-bold.woff', 509, 493 ]
218 silly gunzTarPerm extractEntry documentation/docs/public/fonts/aller-light.eot
219 silly gunzTarPerm modified mode [ 'documentation/docs/public/fonts/aller-light.eot', 509, 493 ]
220 silly gunzTarPerm extractEntry documentation/docs/public/fonts/aller-light.ttf
221 silly gunzTarPerm modified mode [ 'documentation/docs/public/fonts/aller-light.ttf', 509, 493 ]
222 silly gunzTarPerm extractEntry documentation/docs/public/fonts/aller-light.woff
223 silly gunzTarPerm modified mode [ 'documentation/docs/public/fonts/aller-light.woff', 509, 493 ]
224 silly gunzTarPerm extractEntry documentation/docs/public/fonts/novecento-bold.eot
225 silly gunzTarPerm modified mode [ 'documentation/docs/public/fonts/novecento-bold.eot',
225 silly gunzTarPerm   509,
225 silly gunzTarPerm   493 ]
226 silly gunzTarPerm extractEntry documentation/docs/public/fonts/novecento-bold.ttf
227 silly gunzTarPerm modified mode [ 'documentation/docs/public/fonts/novecento-bold.ttf',
227 silly gunzTarPerm   509,
227 silly gunzTarPerm   493 ]
228 silly gunzTarPerm extractEntry documentation/docs/public/fonts/novecento-bold.woff
229 silly gunzTarPerm modified mode [ 'documentation/docs/public/fonts/novecento-bold.woff',
229 silly gunzTarPerm   509,
229 silly gunzTarPerm   493 ]
230 silly gunzTarPerm extractEntry documentation/docs/public/stylesheets/
231 silly gunzTarPerm modified mode [ 'documentation/docs/public/stylesheets/', 509, 493 ]
232 silly gunzTarPerm extractEntry documentation/docs/public/stylesheets/normalize.css
233 silly gunzTarPerm modified mode [ 'documentation/docs/public/stylesheets/normalize.css',
233 silly gunzTarPerm   436,
233 silly gunzTarPerm   420 ]
234 silly gunzTarPerm extractEntry documentation/docs/register.html
235 silly gunzTarPerm modified mode [ 'documentation/docs/register.html', 436, 420 ]
236 silly gunzTarPerm extractEntry documentation/docs/repl.html
237 silly gunzTarPerm modified mode [ 'documentation/docs/repl.html', 436, 420 ]
238 silly gunzTarPerm extractEntry documentation/docs/rewriter.html
239 silly gunzTarPerm modified mode [ 'documentation/docs/rewriter.html', 436, 420 ]
240 silly gunzTarPerm extractEntry documentation/docs/scope.html
241 silly gunzTarPerm modified mode [ 'documentation/docs/scope.html', 436, 420 ]
242 silly gunzTarPerm extractEntry documentation/docs/sourcemap.html
243 silly gunzTarPerm modified mode [ 'documentation/docs/sourcemap.html', 436, 420 ]
244 silly gunzTarPerm extractEntry documentation/docs/underscore.html
245 silly gunzTarPerm modified mode [ 'documentation/docs/underscore.html', 436, 420 ]
246 silly gunzTarPerm extractEntry documentation/images/
247 silly gunzTarPerm modified mode [ 'documentation/images/', 509, 493 ]
248 silly gunzTarPerm extractEntry documentation/images/background.png
249 silly gunzTarPerm modified mode [ 'documentation/images/background.png', 436, 420 ]
250 silly gunzTarPerm extractEntry documentation/images/banding.png
251 silly gunzTarPerm modified mode [ 'documentation/images/banding.png', 436, 420 ]
252 silly gunzTarPerm extractEntry documentation/images/button_bg.png
253 silly gunzTarPerm modified mode [ 'documentation/images/button_bg.png', 436, 420 ]
254 silly gunzTarPerm extractEntry documentation/images/button_bg_dark.gif
255 silly gunzTarPerm modified mode [ 'documentation/images/button_bg_dark.gif', 436, 420 ]
256 silly gunzTarPerm extractEntry documentation/images/button_bg_green.gif
257 silly gunzTarPerm modified mode [ 'documentation/images/button_bg_green.gif', 436, 420 ]
258 silly gunzTarPerm extractEntry documentation/images/favicon.ico
259 silly gunzTarPerm modified mode [ 'documentation/images/favicon.ico', 436, 420 ]
260 silly gunzTarPerm extractEntry documentation/images/logo.png
261 silly gunzTarPerm modified mode [ 'documentation/images/logo.png', 436, 420 ]
262 silly gunzTarPerm extractEntry documentation/images/screenshadow.png
263 silly gunzTarPerm modified mode [ 'documentation/images/screenshadow.png', 436, 420 ]
264 silly gunzTarPerm extractEntry documentation/index.html.js
265 silly gunzTarPerm modified mode [ 'documentation/index.html.js', 436, 420 ]
266 silly gunzTarPerm extractEntry documentation/js/
267 silly gunzTarPerm modified mode [ 'documentation/js/', 509, 493 ]
268 silly gunzTarPerm extractEntry documentation/js/aliases.js
269 silly gunzTarPerm modified mode [ 'documentation/js/aliases.js', 436, 420 ]
270 silly gunzTarPerm extractEntry documentation/js/array_comprehensions.js
271 silly gunzTarPerm modified mode [ 'documentation/js/array_comprehensions.js', 436, 420 ]
272 silly gunzTarPerm extractEntry documentation/js/block_comment.js
273 silly gunzTarPerm modified mode [ 'documentation/js/block_comment.js', 436, 420 ]
274 silly gunzTarPerm extractEntry documentation/js/cake_tasks.js
275 silly gunzTarPerm modified mode [ 'documentation/js/cake_tasks.js', 436, 420 ]
276 silly gunzTarPerm extractEntry documentation/js/chaining.js
277 silly gunzTarPerm modified mode [ 'documentation/js/chaining.js', 436, 420 ]
278 silly gunzTarPerm extractEntry documentation/js/classes.js
279 silly gunzTarPerm modified mode [ 'documentation/js/classes.js', 436, 420 ]
280 silly gunzTarPerm extractEntry documentation/js/comparisons.js
281 silly gunzTarPerm modified mode [ 'documentation/js/comparisons.js', 436, 420 ]
282 silly gunzTarPerm extractEntry documentation/js/conditionals.js
283 silly gunzTarPerm modified mode [ 'documentation/js/conditionals.js', 436, 420 ]
284 silly gunzTarPerm extractEntry documentation/js/constructor_destructuring.js
285 silly gunzTarPerm modified mode [ 'documentation/js/constructor_destructuring.js', 436, 420 ]
286 silly gunzTarPerm extractEntry documentation/js/default_args.js
287 silly gunzTarPerm modified mode [ 'documentation/js/default_args.js', 436, 420 ]
288 silly gunzTarPerm extractEntry documentation/js/do.js
289 silly gunzTarPerm modified mode [ 'documentation/js/do.js', 436, 420 ]
290 silly gunzTarPerm extractEntry documentation/js/embedded.js
291 silly gunzTarPerm modified mode [ 'documentation/js/embedded.js', 436, 420 ]
292 silly gunzTarPerm extractEntry documentation/js/existence.js
293 silly gunzTarPerm modified mode [ 'documentation/js/existence.js', 436, 420 ]
294 silly gunzTarPerm extractEntry documentation/js/expansion.js
295 silly gunzTarPerm modified mode [ 'documentation/js/expansion.js', 436, 420 ]
296 silly gunzTarPerm extractEntry documentation/js/expressions.js
297 silly gunzTarPerm modified mode [ 'documentation/js/expressions.js', 436, 420 ]
298 silly gunzTarPerm extractEntry documentation/js/expressions_assignment.js
299 silly gunzTarPerm modified mode [ 'documentation/js/expressions_assignment.js', 436, 420 ]
300 silly gunzTarPerm extractEntry documentation/js/expressions_comprehension.js
301 silly gunzTarPerm modified mode [ 'documentation/js/expressions_comprehension.js', 436, 420 ]
302 silly gunzTarPerm extractEntry documentation/js/expressions_try.js
303 silly gunzTarPerm modified mode [ 'documentation/js/expressions_try.js', 436, 420 ]
304 silly gunzTarPerm extractEntry documentation/js/fat_arrow.js
305 silly gunzTarPerm modified mode [ 'documentation/js/fat_arrow.js', 436, 420 ]
306 silly gunzTarPerm extractEntry documentation/js/functions.js
307 silly gunzTarPerm modified mode [ 'documentation/js/functions.js', 436, 420 ]
308 silly gunzTarPerm extractEntry documentation/js/heredocs.js
309 silly gunzTarPerm modified mode [ 'documentation/js/heredocs.js', 436, 420 ]
310 silly gunzTarPerm extractEntry documentation/js/heregexes.js
311 silly gunzTarPerm modified mode [ 'documentation/js/heregexes.js', 436, 420 ]
312 silly gunzTarPerm extractEntry documentation/js/interpolation.js
313 silly gunzTarPerm modified mode [ 'documentation/js/interpolation.js', 436, 420 ]
314 silly gunzTarPerm extractEntry documentation/js/multiple_return_values.js
315 silly gunzTarPerm modified mode [ 'documentation/js/multiple_return_values.js', 436, 420 ]
316 silly gunzTarPerm extractEntry documentation/js/object_comprehensions.js
317 silly gunzTarPerm modified mode [ 'documentation/js/object_comprehensions.js', 436, 420 ]
318 silly gunzTarPerm extractEntry documentation/js/object_extraction.js
319 silly gunzTarPerm modified mode [ 'documentation/js/object_extraction.js', 436, 420 ]
320 silly gunzTarPerm extractEntry documentation/js/objects_and_arrays.js
321 silly gunzTarPerm modified mode [ 'documentation/js/objects_and_arrays.js', 436, 420 ]
322 silly gunzTarPerm extractEntry documentation/js/objects_reserved.js
323 silly gunzTarPerm modified mode [ 'documentation/js/objects_reserved.js', 436, 420 ]
324 silly gunzTarPerm extractEntry documentation/js/overview.js
325 silly gunzTarPerm modified mode [ 'documentation/js/overview.js', 436, 420 ]
326 silly gunzTarPerm extractEntry documentation/js/parallel_assignment.js
327 silly gunzTarPerm modified mode [ 'documentation/js/parallel_assignment.js', 436, 420 ]
328 silly gunzTarPerm extractEntry documentation/js/patterns_and_splats.js
329 silly gunzTarPerm modified mode [ 'documentation/js/patterns_and_splats.js', 436, 420 ]
330 silly gunzTarPerm extractEntry documentation/js/prototypes.js
331 silly gunzTarPerm modified mode [ 'documentation/js/prototypes.js', 436, 420 ]
332 silly gunzTarPerm extractEntry documentation/js/range_comprehensions.js
333 silly gunzTarPerm modified mode [ 'documentation/js/range_comprehensions.js', 436, 420 ]
334 silly gunzTarPerm extractEntry documentation/js/scope.js
335 silly gunzTarPerm modified mode [ 'documentation/js/scope.js', 436, 420 ]
336 silly gunzTarPerm extractEntry documentation/js/slices.js
337 silly gunzTarPerm modified mode [ 'documentation/js/slices.js', 436, 420 ]
338 silly gunzTarPerm extractEntry documentation/js/soaks.js
339 silly gunzTarPerm modified mode [ 'documentation/js/soaks.js', 436, 420 ]
340 silly gunzTarPerm extractEntry documentation/js/splats.js
341 silly gunzTarPerm modified mode [ 'documentation/js/splats.js', 436, 420 ]
342 silly gunzTarPerm extractEntry documentation/js/splices.js
343 silly gunzTarPerm modified mode [ 'documentation/js/splices.js', 436, 420 ]
344 silly gunzTarPerm extractEntry documentation/js/strings.js
345 silly gunzTarPerm modified mode [ 'documentation/js/strings.js', 436, 420 ]
346 silly gunzTarPerm extractEntry documentation/js/switch.js
347 silly gunzTarPerm modified mode [ 'documentation/js/switch.js', 436, 420 ]
348 silly gunzTarPerm extractEntry documentation/js/switch_with_no_expression.js
349 silly gunzTarPerm modified mode [ 'documentation/js/switch_with_no_expression.js', 436, 420 ]
350 silly gunzTarPerm extractEntry documentation/js/try.js
351 silly gunzTarPerm modified mode [ 'documentation/js/try.js', 436, 420 ]
352 silly gunzTarPerm extractEntry documentation/js/while.js
353 silly gunzTarPerm modified mode [ 'documentation/js/while.js', 436, 420 ]
354 silly gunzTarPerm extractEntry documentation/vendor/
355 silly gunzTarPerm modified mode [ 'documentation/vendor/', 509, 493 ]
356 silly gunzTarPerm extractEntry documentation/vendor/jquery-1.6.4.js
357 silly gunzTarPerm modified mode [ 'documentation/vendor/jquery-1.6.4.js', 436, 420 ]
358 silly gunzTarPerm extractEntry examples/
359 silly gunzTarPerm modified mode [ 'examples/', 509, 493 ]
360 silly gunzTarPerm extractEntry examples/beautiful_code/
361 silly gunzTarPerm modified mode [ 'examples/beautiful_code/', 509, 493 ]
362 silly gunzTarPerm extractEntry examples/beautiful_code/binary_search.coffee
363 silly gunzTarPerm modified mode [ 'examples/beautiful_code/binary_search.coffee', 436, 420 ]
364 silly gunzTarPerm extractEntry examples/beautiful_code/quicksort_runtime.coffee
365 silly gunzTarPerm modified mode [ 'examples/beautiful_code/quicksort_runtime.coffee', 436, 420 ]
366 silly gunzTarPerm extractEntry examples/beautiful_code/regular_expression_matcher.coffee
367 silly gunzTarPerm modified mode [ 'examples/beautiful_code/regular_expression_matcher.coffee',
367 silly gunzTarPerm   436,
367 silly gunzTarPerm   420 ]
368 silly gunzTarPerm extractEntry examples/blocks.coffee
369 silly gunzTarPerm modified mode [ 'examples/blocks.coffee', 436, 420 ]
370 silly gunzTarPerm extractEntry examples/code.coffee
371 silly gunzTarPerm modified mode [ 'examples/code.coffee', 436, 420 ]
372 silly gunzTarPerm extractEntry examples/computer_science/
373 silly gunzTarPerm modified mode [ 'examples/computer_science/', 509, 493 ]
374 silly gunzTarPerm extractEntry examples/computer_science/README
375 silly gunzTarPerm modified mode [ 'examples/computer_science/README', 436, 420 ]
376 silly gunzTarPerm extractEntry examples/computer_science/binary_search.coffee
377 silly gunzTarPerm modified mode [ 'examples/computer_science/binary_search.coffee', 436, 420 ]
378 silly gunzTarPerm extractEntry examples/computer_science/bubble_sort.coffee
379 silly gunzTarPerm modified mode [ 'examples/computer_science/bubble_sort.coffee', 436, 420 ]
380 silly gunzTarPerm extractEntry examples/computer_science/linked_list.coffee
381 silly gunzTarPerm modified mode [ 'examples/computer_science/linked_list.coffee', 436, 420 ]
382 silly gunzTarPerm extractEntry examples/computer_science/luhn_algorithm.coffee
383 silly gunzTarPerm modified mode [ 'examples/computer_science/luhn_algorithm.coffee', 436, 420 ]
384 silly gunzTarPerm extractEntry examples/computer_science/merge_sort.coffee
385 silly gunzTarPerm modified mode [ 'examples/computer_science/merge_sort.coffee', 436, 420 ]
386 silly gunzTarPerm extractEntry examples/computer_science/selection_sort.coffee
387 silly gunzTarPerm modified mode [ 'examples/computer_science/selection_sort.coffee', 436, 420 ]
388 silly gunzTarPerm extractEntry examples/custom_repl.coffee
389 silly gunzTarPerm modified mode [ 'examples/custom_repl.coffee', 436, 420 ]
390 silly gunzTarPerm extractEntry examples/poignant.coffee
391 silly gunzTarPerm modified mode [ 'examples/poignant.coffee', 436, 420 ]
392 silly gunzTarPerm extractEntry examples/potion.coffee
393 silly gunzTarPerm modified mode [ 'examples/potion.coffee', 436, 420 ]
394 silly gunzTarPerm extractEntry examples/underscore.coffee
395 silly gunzTarPerm modified mode [ 'examples/underscore.coffee', 436, 420 ]
396 silly gunzTarPerm extractEntry examples/web_server.coffee
397 silly gunzTarPerm modified mode [ 'examples/web_server.coffee', 436, 420 ]
398 silly gunzTarPerm extractEntry extras/
399 silly gunzTarPerm modified mode [ 'extras/', 509, 493 ]
400 silly gunzTarPerm extractEntry extras/coffee-script.js
401 silly gunzTarPerm modified mode [ 'extras/coffee-script.js', 436, 420 ]
402 silly gunzTarPerm extractEntry index.html
403 silly gunzTarPerm modified mode [ 'index.html', 436, 420 ]
404 silly gunzTarPerm extractEntry lib/
405 silly gunzTarPerm modified mode [ 'lib/', 509, 493 ]
406 silly gunzTarPerm extractEntry lib/coffee-script/
407 silly gunzTarPerm modified mode [ 'lib/coffee-script/', 509, 493 ]
408 silly gunzTarPerm extractEntry lib/coffee-script/browser.js
409 silly gunzTarPerm modified mode [ 'lib/coffee-script/browser.js', 436, 420 ]
410 silly gunzTarPerm extractEntry lib/coffee-script/cake.js
411 silly gunzTarPerm modified mode [ 'lib/coffee-script/cake.js', 436, 420 ]
412 silly gunzTarPerm extractEntry lib/coffee-script/coffee-script.js
413 silly gunzTarPerm modified mode [ 'lib/coffee-script/coffee-script.js', 436, 420 ]
414 silly gunzTarPerm extractEntry lib/coffee-script/command.js
415 silly gunzTarPerm modified mode [ 'lib/coffee-script/command.js', 436, 420 ]
416 silly gunzTarPerm extractEntry lib/coffee-script/grammar.js
417 silly gunzTarPerm modified mode [ 'lib/coffee-script/grammar.js', 436, 420 ]
418 silly gunzTarPerm extractEntry lib/coffee-script/helpers.js
419 silly gunzTarPerm modified mode [ 'lib/coffee-script/helpers.js', 436, 420 ]
420 silly gunzTarPerm extractEntry lib/coffee-script/index.js
421 silly gunzTarPerm modified mode [ 'lib/coffee-script/index.js', 436, 420 ]
422 silly gunzTarPerm extractEntry lib/coffee-script/lexer.js
423 silly gunzTarPerm modified mode [ 'lib/coffee-script/lexer.js', 436, 420 ]
424 silly gunzTarPerm extractEntry lib/coffee-script/nodes.js
425 silly gunzTarPerm modified mode [ 'lib/coffee-script/nodes.js', 436, 420 ]
426 silly gunzTarPerm extractEntry lib/coffee-script/optparse.js
427 silly gunzTarPerm modified mode [ 'lib/coffee-script/optparse.js', 436, 420 ]
428 silly gunzTarPerm extractEntry lib/coffee-script/parser.js
429 silly gunzTarPerm modified mode [ 'lib/coffee-script/parser.js', 509, 493 ]
430 silly gunzTarPerm extractEntry lib/coffee-script/register.js
431 silly gunzTarPerm modified mode [ 'lib/coffee-script/register.js', 436, 420 ]
432 silly gunzTarPerm extractEntry lib/coffee-script/repl.js
433 silly gunzTarPerm modified mode [ 'lib/coffee-script/repl.js', 436, 420 ]
434 silly gunzTarPerm extractEntry lib/coffee-script/rewriter.js
435 silly gunzTarPerm modified mode [ 'lib/coffee-script/rewriter.js', 436, 420 ]
436 silly gunzTarPerm extractEntry lib/coffee-script/scope.js
437 silly gunzTarPerm modified mode [ 'lib/coffee-script/scope.js', 436, 420 ]
438 silly gunzTarPerm extractEntry lib/coffee-script/sourcemap.js
439 silly gunzTarPerm modified mode [ 'lib/coffee-script/sourcemap.js', 436, 420 ]
440 silly gunzTarPerm extractEntry package.json
441 silly gunzTarPerm modified mode [ 'package.json', 436, 420 ]
442 silly gunzTarPerm extractEntry register.js
443 silly gunzTarPerm modified mode [ 'register.js', 436, 420 ]
444 silly gunzTarPerm extractEntry repl.js
445 silly gunzTarPerm modified mode [ 'repl.js', 436, 420 ]
446 silly gunzTarPerm extractEntry src/
447 silly gunzTarPerm modified mode [ 'src/', 509, 493 ]
448 silly gunzTarPerm extractEntry src/browser.coffee
449 silly gunzTarPerm modified mode [ 'src/browser.coffee', 436, 420 ]
450 silly gunzTarPerm extractEntry src/cake.coffee
451 silly gunzTarPerm modified mode [ 'src/cake.coffee', 436, 420 ]
452 silly gunzTarPerm extractEntry src/coffee-script.coffee
453 silly gunzTarPerm modified mode [ 'src/coffee-script.coffee', 436, 420 ]
454 silly gunzTarPerm extractEntry src/command.coffee
455 silly gunzTarPerm modified mode [ 'src/command.coffee', 436, 420 ]
456 silly gunzTarPerm extractEntry src/grammar.coffee
457 silly gunzTarPerm modified mode [ 'src/grammar.coffee', 436, 420 ]
458 silly gunzTarPerm extractEntry src/helpers.coffee
459 silly gunzTarPerm modified mode [ 'src/helpers.coffee', 436, 420 ]
460 silly gunzTarPerm extractEntry src/index.coffee
461 silly gunzTarPerm modified mode [ 'src/index.coffee', 436, 420 ]
462 silly gunzTarPerm extractEntry src/lexer.coffee
463 silly gunzTarPerm modified mode [ 'src/lexer.coffee', 436, 420 ]
464 silly gunzTarPerm extractEntry src/nodes.coffee
465 silly gunzTarPerm modified mode [ 'src/nodes.coffee', 436, 420 ]
466 silly gunzTarPerm extractEntry src/optparse.coffee
467 silly gunzTarPerm modified mode [ 'src/optparse.coffee', 436, 420 ]
468 silly gunzTarPerm extractEntry src/register.coffee
469 silly gunzTarPerm modified mode [ 'src/register.coffee', 436, 420 ]
470 silly gunzTarPerm extractEntry src/repl.coffee
471 silly gunzTarPerm modified mode [ 'src/repl.coffee', 436, 420 ]
472 silly gunzTarPerm extractEntry src/rewriter.coffee
473 silly gunzTarPerm modified mode [ 'src/rewriter.coffee', 436, 420 ]
474 silly gunzTarPerm extractEntry src/scope.litcoffee
475 silly gunzTarPerm modified mode [ 'src/scope.litcoffee', 436, 420 ]
476 silly gunzTarPerm extractEntry src/sourcemap.litcoffee
477 silly gunzTarPerm modified mode [ 'src/sourcemap.litcoffee', 436, 420 ]
478 silly gunzTarPerm extractEntry test/
479 silly gunzTarPerm modified mode [ 'test/', 509, 493 ]
480 silly gunzTarPerm extractEntry test/arrays.coffee
481 silly gunzTarPerm modified mode [ 'test/arrays.coffee', 436, 420 ]
482 silly gunzTarPerm extractEntry test/assignment.coffee
483 silly gunzTarPerm modified mode [ 'test/assignment.coffee', 436, 420 ]
484 silly gunzTarPerm extractEntry test/booleans.coffee
485 silly gunzTarPerm modified mode [ 'test/booleans.coffee', 436, 420 ]
486 silly gunzTarPerm extractEntry test/classes.coffee
487 silly gunzTarPerm modified mode [ 'test/classes.coffee', 436, 420 ]
488 silly gunzTarPerm extractEntry test/cluster.coffee
489 silly gunzTarPerm modified mode [ 'test/cluster.coffee', 436, 420 ]
490 silly gunzTarPerm extractEntry test/comments.coffee
491 silly gunzTarPerm modified mode [ 'test/comments.coffee', 436, 420 ]
492 silly gunzTarPerm extractEntry test/compilation.coffee
493 silly gunzTarPerm modified mode [ 'test/compilation.coffee', 436, 420 ]
494 silly gunzTarPerm extractEntry test/comprehensions.coffee
495 silly gunzTarPerm modified mode [ 'test/comprehensions.coffee', 436, 420 ]
496 silly gunzTarPerm extractEntry test/control_flow.coffee
497 silly gunzTarPerm modified mode [ 'test/control_flow.coffee', 436, 420 ]
498 silly gunzTarPerm extractEntry test/error_messages.coffee
499 silly gunzTarPerm modified mode [ 'test/error_messages.coffee', 436, 420 ]
500 silly gunzTarPerm extractEntry test/eval.coffee
501 silly gunzTarPerm modified mode [ 'test/eval.coffee', 436, 420 ]
502 silly gunzTarPerm extractEntry test/exception_handling.coffee
503 silly gunzTarPerm modified mode [ 'test/exception_handling.coffee', 436, 420 ]
504 silly gunzTarPerm extractEntry test/formatting.coffee
505 silly gunzTarPerm modified mode [ 'test/formatting.coffee', 436, 420 ]
506 silly gunzTarPerm extractEntry test/function_invocation.coffee
507 silly gunzTarPerm modified mode [ 'test/function_invocation.coffee', 436, 420 ]
508 silly gunzTarPerm extractEntry test/functions.coffee
509 silly gunzTarPerm modified mode [ 'test/functions.coffee', 436, 420 ]
510 silly gunzTarPerm extractEntry test/generators.coffee
511 silly gunzTarPerm modified mode [ 'test/generators.coffee', 436, 420 ]
512 silly gunzTarPerm extractEntry test/helpers.coffee
513 silly gunzTarPerm modified mode [ 'test/helpers.coffee', 436, 420 ]
514 silly gunzTarPerm extractEntry test/importing.coffee
515 silly gunzTarPerm modified mode [ 'test/importing.coffee', 436, 420 ]
516 silly gunzTarPerm extractEntry test/importing/
517 silly gunzTarPerm modified mode [ 'test/importing/', 509, 493 ]
518 silly gunzTarPerm extractEntry test/importing/.coffee
519 silly gunzTarPerm modified mode [ 'test/importing/.coffee', 436, 420 ]
520 silly gunzTarPerm extractEntry test/importing/.coffee.md
521 silly gunzTarPerm modified mode [ 'test/importing/.coffee.md', 436, 420 ]
522 silly gunzTarPerm extractEntry test/importing/.import.coffee
523 silly gunzTarPerm modified mode [ 'test/importing/.import.coffee', 436, 420 ]
524 silly gunzTarPerm extractEntry test/importing/.import.coffee.md
525 silly gunzTarPerm modified mode [ 'test/importing/.import.coffee.md', 436, 420 ]
526 silly gunzTarPerm extractEntry test/importing/.import2
527 silly gunzTarPerm modified mode [ 'test/importing/.import2', 436, 420 ]
528 silly gunzTarPerm extractEntry test/importing/import.coffee
529 silly gunzTarPerm modified mode [ 'test/importing/import.coffee', 436, 420 ]
530 silly gunzTarPerm extractEntry test/importing/import.coffee.md
531 silly gunzTarPerm modified mode [ 'test/importing/import.coffee.md', 436, 420 ]
532 silly gunzTarPerm extractEntry test/importing/import.extension.coffee
533 silly gunzTarPerm modified mode [ 'test/importing/import.extension.coffee', 436, 420 ]
534 silly gunzTarPerm extractEntry test/importing/import.extension.coffee.md
535 silly gunzTarPerm modified mode [ 'test/importing/import.extension.coffee.md', 436, 420 ]
536 silly gunzTarPerm extractEntry test/importing/import.extension.js
537 silly gunzTarPerm modified mode [ 'test/importing/import.extension.js', 436, 420 ]
538 silly gunzTarPerm extractEntry test/importing/import.js
539 silly gunzTarPerm modified mode [ 'test/importing/import.js', 436, 420 ]
540 silly gunzTarPerm extractEntry test/importing/import.litcoffee
541 silly gunzTarPerm modified mode [ 'test/importing/import.litcoffee', 436, 420 ]
542 silly gunzTarPerm extractEntry test/importing/import.unknownextension
543 silly gunzTarPerm modified mode [ 'test/importing/import.unknownextension', 436, 420 ]
544 silly gunzTarPerm extractEntry test/importing/import2
545 silly gunzTarPerm modified mode [ 'test/importing/import2', 436, 420 ]
546 silly gunzTarPerm extractEntry test/importing/index.coffee.md
547 silly gunzTarPerm modified mode [ 'test/importing/index.coffee.md', 436, 420 ]
548 silly gunzTarPerm extractEntry test/interpolation.coffee
549 silly gunzTarPerm modified mode [ 'test/interpolation.coffee', 436, 420 ]
550 silly gunzTarPerm extractEntry test/javascript_literals.coffee
551 silly gunzTarPerm modified mode [ 'test/javascript_literals.coffee', 436, 420 ]
552 silly gunzTarPerm extractEntry test/literate.litcoffee
553 silly gunzTarPerm modified mode [ 'test/literate.litcoffee', 436, 420 ]
554 silly gunzTarPerm extractEntry test/location.coffee
555 silly gunzTarPerm modified mode [ 'test/location.coffee', 436, 420 ]
556 silly gunzTarPerm extractEntry test/numbers.coffee
557 silly gunzTarPerm modified mode [ 'test/numbers.coffee', 436, 420 ]
558 silly gunzTarPerm extractEntry test/objects.coffee
559 silly gunzTarPerm modified mode [ 'test/objects.coffee', 436, 420 ]
560 silly gunzTarPerm extractEntry test/operators.coffee
561 silly gunzTarPerm modified mode [ 'test/operators.coffee', 436, 420 ]
562 silly gunzTarPerm extractEntry test/option_parser.coffee
563 silly gunzTarPerm modified mode [ 'test/option_parser.coffee', 436, 420 ]
564 silly gunzTarPerm extractEntry test/ranges.coffee
565 silly gunzTarPerm modified mode [ 'test/ranges.coffee', 436, 420 ]
566 silly gunzTarPerm extractEntry test/regexps.coffee
567 silly gunzTarPerm modified mode [ 'test/regexps.coffee', 436, 420 ]
568 silly gunzTarPerm extractEntry test/repl.coffee
569 silly gunzTarPerm modified mode [ 'test/repl.coffee', 436, 420 ]
570 silly gunzTarPerm extractEntry test/scope.coffee
571 silly gunzTarPerm modified mode [ 'test/scope.coffee', 436, 420 ]
572 silly gunzTarPerm extractEntry test/slicing_and_splicing.coffee
573 silly gunzTarPerm modified mode [ 'test/slicing_and_splicing.coffee', 436, 420 ]
574 silly gunzTarPerm extractEntry test/soaks.coffee
575 silly gunzTarPerm modified mode [ 'test/soaks.coffee', 436, 420 ]
576 silly gunzTarPerm extractEntry test/sourcemap.coffee
577 silly gunzTarPerm modified mode [ 'test/sourcemap.coffee', 436, 420 ]
578 silly gunzTarPerm extractEntry test/strict.coffee
579 silly gunzTarPerm modified mode [ 'test/strict.coffee', 436, 420 ]
580 silly gunzTarPerm extractEntry test/strings.coffee
581 silly gunzTarPerm modified mode [ 'test/strings.coffee', 436, 420 ]
582 silly gunzTarPerm extractEntry test/test.html
583 silly gunzTarPerm modified mode [ 'test/test.html', 436, 420 ]
584 silly lockFile 865d9b08-l-lib-node-modules-coffee-script tar:///usr/local/lib/node_modules/coffee-script
585 silly lockFile 865d9b08-l-lib-node-modules-coffee-script tar:///usr/local/lib/node_modules/coffee-script
586 silly lockFile 227f08a7--coffee-script-1-8-0-package-tgz tar:///Users/admin/.npm/coffee-script/1.8.0/package.tgz
587 silly lockFile 227f08a7--coffee-script-1-8-0-package-tgz tar:///Users/admin/.npm/coffee-script/1.8.0/package.tgz
588 info preinstall coffee-script@1.8.0
589 verbose readDependencies using package.json deps
590 verbose readDependencies using package.json deps
591 verbose cache add [ 'mkdirp@~0.3.5', null ]
592 verbose cache add spec="mkdirp@~0.3.5" args=["mkdirp@~0.3.5",null]
593 verbose parsed spec { raw: 'mkdirp@~0.3.5',
593 verbose parsed spec   scope: null,
593 verbose parsed spec   name: 'mkdirp',
593 verbose parsed spec   rawSpec: '~0.3.5',
593 verbose parsed spec   spec: '>=0.3.5 <0.4.0',
593 verbose parsed spec   type: 'range' }
594 verbose parsed spec { raw: 'mkdirp@~0.3.5',
594 verbose parsed spec   scope: null,
594 verbose parsed spec   name: 'mkdirp',
594 verbose parsed spec   rawSpec: '~0.3.5',
594 verbose parsed spec   spec: '>=0.3.5 <0.4.0',
594 verbose parsed spec   type: 'range' }
595 verbose addNamed [ 'mkdirp', '>=0.3.5 <0.4.0' ]
596 verbose addNamed [ null, '>=0.3.5 <0.4.0' ]
597 silly lockFile e19a8299-mkdirp-0-3-5-0-4-0 mkdirp@>=0.3.5 <0.4.0
598 verbose lock mkdirp@>=0.3.5 <0.4.0 /Users/admin/.npm/e19a8299-mkdirp-0-3-5-0-4-0.lock
599 silly addNameRange { name: 'mkdirp', range: '>=0.3.5 <0.4.0', hasData: false }
600 verbose mapToRegistry name mkdirp
601 verbose mapToRegistry uri https://registry.npmjs.org/mkdirp
602 silly addNameRange number 2 { name: 'mkdirp', range: '>=0.3.5 <0.4.0', hasData: true }
603 silly addNameRange versions [ 'mkdirp',
603 silly addNameRange   [ '0.0.1',
603 silly addNameRange     '0.0.2',
603 silly addNameRange     '0.0.3',
603 silly addNameRange     '0.0.4',
603 silly addNameRange     '0.0.5',
603 silly addNameRange     '0.0.6',
603 silly addNameRange     '0.0.7',
603 silly addNameRange     '0.1.0',
603 silly addNameRange     '0.2.0',
603 silly addNameRange     '0.2.1',
603 silly addNameRange     '0.2.2',
603 silly addNameRange     '0.3.0',
603 silly addNameRange     '0.3.1',
603 silly addNameRange     '0.3.2',
603 silly addNameRange     '0.3.3',
603 silly addNameRange     '0.3.4',
603 silly addNameRange     '0.3.5',
603 silly addNameRange     '0.4.0',
603 silly addNameRange     '0.4.1',
603 silly addNameRange     '0.4.2',
603 silly addNameRange     '0.5.0' ] ]
604 verbose addNamed [ 'mkdirp', '0.3.5' ]
605 verbose addNamed [ '0.3.5', '0.3.5' ]
606 silly lockFile 67d2df2a-mkdirp-0-3-5 mkdirp@0.3.5
607 verbose lock mkdirp@0.3.5 /Users/admin/.npm/67d2df2a-mkdirp-0-3-5.lock
608 silly lockFile 67d2df2a-mkdirp-0-3-5 mkdirp@0.3.5
609 silly lockFile 67d2df2a-mkdirp-0-3-5 mkdirp@0.3.5
610 silly lockFile e19a8299-mkdirp-0-3-5-0-4-0 mkdirp@>=0.3.5 <0.4.0
611 silly lockFile e19a8299-mkdirp-0-3-5-0-4-0 mkdirp@>=0.3.5 <0.4.0
612 silly resolved [ { name: 'mkdirp',
612 silly resolved     description: 'Recursively mkdir, like `mkdir -p`',
612 silly resolved     version: '0.3.5',
612 silly resolved     author:
612 silly resolved      { name: 'James Halliday',
612 silly resolved        email: 'mail@substack.net',
612 silly resolved        url: 'http://substack.net' },
612 silly resolved     main: './index',
612 silly resolved     keywords: [ 'mkdir', 'directory' ],
612 silly resolved     repository:
612 silly resolved      { type: 'git',
612 silly resolved        url: 'http://github.com/substack/node-mkdirp.git' },
612 silly resolved     scripts: { test: 'tap test/*.js' },
612 silly resolved     devDependencies: { tap: '~0.4.0' },
612 silly resolved     license: 'MIT',
612 silly resolved     _id: 'mkdirp@0.3.5',
612 silly resolved     dist:
612 silly resolved      { shasum: 'de3e5f8961c88c787ee1368df849ac4413eca8d7',
612 silly resolved        tarball: 'http://registry.npmjs.org/mkdirp/-/mkdirp-0.3.5.tgz' },
612 silly resolved     _from: 'mkdirp@>=0.3.5 <0.4.0',
612 silly resolved     _npmVersion: '1.2.2',
612 silly resolved     _npmUser: { name: 'substack', email: 'mail@substack.net' },
612 silly resolved     maintainers: [ [Object] ],
612 silly resolved     directories: {},
612 silly resolved     _shasum: 'de3e5f8961c88c787ee1368df849ac4413eca8d7',
612 silly resolved     _resolved: 'https://registry.npmjs.org/mkdirp/-/mkdirp-0.3.5.tgz',
612 silly resolved     bugs: { url: 'https://github.com/substack/node-mkdirp/issues' },
612 silly resolved     readme: 'ERROR: No README data found!',
612 silly resolved     homepage: 'https://github.com/substack/node-mkdirp' } ]
613 info install mkdirp@0.3.5 into /usr/local/lib/node_modules/coffee-script
614 info installOne mkdirp@0.3.5
615 verbose lib/node_modules/coffee-script/node_modules/mkdirp unbuild
616 verbose gentlyRm vacuuming /usr/local/lib/node_modules/coffee-script/node_modules/mkdirp
617 verbose tar unpack /Users/admin/.npm/mkdirp/0.3.5/package.tgz
618 silly lockFile 1c2cc2e0-offee-script-node-modules-mkdirp tar:///usr/local/lib/node_modules/coffee-script/node_modules/mkdirp
619 verbose lock tar:///usr/local/lib/node_modules/coffee-script/node_modules/mkdirp /Users/admin/.npm/1c2cc2e0-offee-script-node-modules-mkdirp.lock
620 silly lockFile 20474016-min-npm-mkdirp-0-3-5-package-tgz tar:///Users/admin/.npm/mkdirp/0.3.5/package.tgz
621 verbose lock tar:///Users/admin/.npm/mkdirp/0.3.5/package.tgz /Users/admin/.npm/20474016-min-npm-mkdirp-0-3-5-package-tgz.lock
622 verbose gentlyRm vacuuming /usr/local/lib/node_modules/coffee-script/node_modules/mkdirp
623 silly gunzTarPerm modes [ '755', '644' ]
624 silly gunzTarPerm extractEntry package.json
625 silly gunzTarPerm extractEntry .npmignore
626 silly gunzTarPerm extractEntry LICENSE
627 silly gunzTarPerm extractEntry index.js
628 silly gunzTarPerm extractEntry examples/pow.js
629 silly gunzTarPerm extractEntry readme.markdown
630 silly gunzTarPerm extractEntry test/perm.js
631 silly gunzTarPerm extractEntry test/perm_sync.js
632 silly gunzTarPerm extractEntry test/race.js
633 silly gunzTarPerm extractEntry test/rel.js
634 silly gunzTarPerm extractEntry test/return.js
635 silly gunzTarPerm extractEntry test/clobber.js
636 silly gunzTarPerm extractEntry test/root.js
637 silly gunzTarPerm extractEntry test/umask.js
638 silly gunzTarPerm extractEntry test/sync.js
639 silly gunzTarPerm extractEntry test/chmod.js
640 silly gunzTarPerm extractEntry test/umask_sync.js
641 silly gunzTarPerm extractEntry test/return_sync.js
642 silly gunzTarPerm extractEntry test/mkdirp.js
643 silly gunzTarPerm extractEntry .travis.yml
644 silly lockFile 1c2cc2e0-offee-script-node-modules-mkdirp tar:///usr/local/lib/node_modules/coffee-script/node_modules/mkdirp
645 silly lockFile 1c2cc2e0-offee-script-node-modules-mkdirp tar:///usr/local/lib/node_modules/coffee-script/node_modules/mkdirp
646 silly lockFile 20474016-min-npm-mkdirp-0-3-5-package-tgz tar:///Users/admin/.npm/mkdirp/0.3.5/package.tgz
647 silly lockFile 20474016-min-npm-mkdirp-0-3-5-package-tgz tar:///Users/admin/.npm/mkdirp/0.3.5/package.tgz
648 info preinstall mkdirp@0.3.5
649 verbose readDependencies using package.json deps
650 verbose readDependencies using package.json deps
651 silly resolved []
652 verbose about to build /usr/local/lib/node_modules/coffee-script/node_modules/mkdirp
653 info build /usr/local/lib/node_modules/coffee-script/node_modules/mkdirp
654 verbose linkStuff [ true,
654 verbose linkStuff   '/usr/local/lib/node_modules',
654 verbose linkStuff   false,
654 verbose linkStuff   '/usr/local/lib/node_modules/coffee-script/node_modules' ]
655 info linkStuff mkdirp@0.3.5
656 verbose linkBins mkdirp@0.3.5
657 verbose linkMans mkdirp@0.3.5
658 verbose rebuildBundles mkdirp@0.3.5
659 info install mkdirp@0.3.5
660 info postinstall mkdirp@0.3.5
661 verbose about to build /usr/local/lib/node_modules/coffee-script
662 info build /usr/local/lib/node_modules/coffee-script
663 verbose linkStuff [ true,
663 verbose linkStuff   '/usr/local/lib/node_modules',
663 verbose linkStuff   true,
663 verbose linkStuff   '/usr/local/lib/node_modules' ]
664 info linkStuff coffee-script@1.8.0
665 verbose linkBins coffee-script@1.8.0
666 verbose link bins [ { coffee: './bin/coffee', cake: './bin/cake' },
666 verbose link bins   '/usr/local/bin',
666 verbose link bins   true ]
667 verbose linkMans coffee-script@1.8.0
668 verbose rebuildBundles coffee-script@1.8.0
669 verbose rebuildBundles [ 'mkdirp' ]
670 verbose gentlyRm verifying that /usr/local/lib/node_modules/coffee-script is managed by npm
671 silly isManaged /usr/local/lib/node_modules/coffee-script is inside /usr/local/lib/node_modules
672 silly gentlyRm /usr/local/lib/node_modules/coffee-script is managed by npm
673 silly gentlyRm /usr/local/bin/coffee is not under /usr/local/lib/node_modules/coffee-script
674 silly gentlyRm checking to see if /usr/local/bin/coffee is a link
675 verbose gentlyRm verifying that /usr/local/lib/node_modules/coffee-script is managed by npm
676 silly isManaged /usr/local/lib/node_modules/coffee-script is inside /usr/local/lib/node_modules
677 silly gentlyRm /usr/local/lib/node_modules/coffee-script is managed by npm
678 silly gentlyRm /usr/local/bin/cake is not under /usr/local/lib/node_modules/coffee-script
679 silly gentlyRm checking to see if /usr/local/bin/cake is a link
680 info install coffee-script@1.8.0
681 info postinstall coffee-script@1.8.0
682 verbose stack Error: The package npmconf does not satisfy its siblings' peerDependencies requirements!
682 verbose stack     at /usr/local/lib/node_modules/npm/lib/install.js:98:32
682 verbose stack     at /usr/local/lib/node_modules/npm/lib/install.js:202:5
682 verbose stack     at /usr/local/lib/node_modules/npm/node_modules/read-installed/read-installed.js:138:5
682 verbose stack     at /usr/local/lib/node_modules/npm/node_modules/read-installed/read-installed.js:251:14
682 verbose stack     at cb (/usr/local/lib/node_modules/npm/node_modules/slide/lib/async-map.js:47:24)
682 verbose stack     at /usr/local/lib/node_modules/npm/node_modules/read-installed/read-installed.js:251:14
682 verbose stack     at cb (/usr/local/lib/node_modules/npm/node_modules/slide/lib/async-map.js:47:24)
682 verbose stack     at /usr/local/lib/node_modules/npm/node_modules/read-installed/read-installed.js:251:14
682 verbose stack     at cb (/usr/local/lib/node_modules/npm/node_modules/slide/lib/async-map.js:47:24)
682 verbose stack     at /usr/local/lib/node_modules/npm/node_modules/read-installed/read-installed.js:251:14
683 verbose cwd /Users/admin/dotfiles
684 error Darwin 13.4.0
685 error argv "node" "/usr/local/bin/npm" "install" "-g" "coffee-script"
686 error node v0.11.13
687 error npm  v2.0.0
688 error code EPEERINVALID
689 error peerinvalid The package npmconf does not satisfy its siblings' peerDependencies requirements!
689 error peerinvalid Peer npm-registry-client@3.2.2 wants npmconf@^2.1.0
690 verbose exit [ 1, true ]
